2020-05-12 11:59:24pid18949Workerman[index.php] start in DEBUG mode
2020-05-12 12:01:38pid18963Workerman[index.php] start in DEBUG mode
2020-05-13 14:05:53pid19756Workerman[index.php] start in DEBUG mode
2020-05-13 14:06:49pid19792Workerman[index.php] start in DEBUG mode
2020-05-13 14:07:00pid19806Workerman[index.php] start in DEBUG mode
2020-05-13 14:07:16pid19819Workerman[index.php] start in DEBUG mode
2020-05-13 14:07:46pid19832Workerman[index.php] start in DEBUG mode
2020-05-13 14:08:32pid19847Workerman[index.php] start in DEBUG mode
2020-05-13 14:08:36pid19858Workerman[index.php] start in DEBUG mode
2020-05-13 14:08:48pid19871Workerman[index.php] start in DEBUG mode
2020-05-13 14:09:45pid19885Workerman[index.php] start in DEBUG mode
2020-05-13 14:13:04pid19930Workerman[index.php] start in DEBUG mode
2020-05-13 14:14:16pid20017Workerman[index.php] start in DEBUG mode
2020-05-13 14:19:20pid20063Workerman[index.php] start in DEBUG mode
2020-05-13 14:19:58pid20114Workerman[index.php] start in DEBUG mode
2020-05-13 14:34:28pid20429Workerman[index.php] start in DEBUG mode
2020-05-14 14:10:37pid20785Workerman[index.php] start in DEBUG mode
2020-05-14 14:12:26pid20830Workerman[index.php] start in DEBUG mode
2020-05-18 13:30:35pid21658Workerman[index.php] start in DEBUG mode
2020-05-18 13:31:07pid21674Workerman[index.php] start in DEBUG mode
2020-05-18 13:31:32pid21689Workerman[index.php] start in DEBUG mode
2020-05-18 13:42:04pid21771Workerman[index.php] start in DEBUG mode
2020-05-18 13:47:00pid21808Workerman[index.php] start in DEBUG mode
2020-05-18 13:47:20pid21855Workerman[index.php] start in DEBUG mode
2020-05-18 13:47:42pid21871Workerman[index.php] start in DEBUG mode
2020-05-18 13:48:18pid21886Workerman[index.php] start in DEBUG mode
2020-05-18 14:06:10pid21986Workerman[index.php] start in DEBUG mode
2020-05-18 14:06:37pid22003Workerman[index.php] start in DEBUG mode
2020-05-18 14:06:50pid22018Workerman[index.php] start in DEBUG mode
2020-05-18 14:06:57pid22033Workerman[index.php] start in DEBUG mode
2020-05-18 14:07:07pid22048Workerman[index.php] start in DEBUG mode
2020-05-19 14:08:40pid22312Workerman[index.php] start in DEBUG mode
2020-05-19 14:12:14pid22331Workerman[index.php] start in DEBUG mode
2020-05-19 14:14:21pid22348Workerman[index.php] start in DEBUG mode
2020-05-19 14:14:26pid22363Workerman[index.php] start in DEBUG mode
2020-05-19 14:15:08pid22378Workerman[index.php] start in DEBUG mode
2020-05-19 14:16:38pid22396Workerman[index.php] start in DEBUG mode
2020-05-19 14:17:24pid22413Workerman[index.php] start in DEBUG mode
2020-05-20 13:51:14pid22789Workerman[index.php] start in DEBUG mode
2020-05-20 13:56:27pid22812Workerman[index.php] start in DEBUG mode
2020-05-20 13:57:24pid22841Workerman[index.php] start in DEBUG mode
2020-05-20 13:59:09pid22856Workerman[index.php] start in DEBUG mode
2020-05-20 14:02:00pid22877Workerman[index.php] start in DEBUG mode
2020-05-20 14:02:15pid22892Workerman[index.php] start in DEBUG mode
2020-05-20 14:02:57pid22908Workerman[index.php] start in DEBUG mode
2020-05-20 14:04:15pid22929Workerman[index.php] start in DEBUG mode
2020-05-20 14:08:25pid22954Workerman[index.php] start in DEBUG mode
2020-05-20 14:11:05pid22997Workerman[index.php] start in DEBUG mode
2020-05-20 14:11:36pid23012Workerman[index.php] start in DEBUG mode
2020-05-20 14:15:03pid23034Workerman[index.php] start in DEBUG mode
2020-05-20 14:18:08pid23059Workerman[index.php] start in DEBUG mode
2020-05-23 12:39:41pid25757Workerman[index.php] start in DEBUG mode
2020-05-23 12:40:01pid25773Workerman[index.php] start in DEBUG mode
2020-05-23 12:40:18pid25788Workerman[index.php] start in DEBUG mode
2020-05-23 13:43:30pid26209Workerman[index.php] start in DEBUG mode
2020-05-23 13:47:01pid26231Workerman[index.php] start in DEBUG mode
2020-05-23 13:47:12pid26246Workerman[index.php] start in DEBUG mode
2020-05-23 13:47:45pid26261Workerman[index.php] start in DEBUG mode
2020-05-23 13:48:14pid26276Workerman[index.php] start in DEBUG mode
2020-05-24 13:37:09pid27199Workerman[index.php] start in DEBUG mode
2020-05-24 13:37:38pid27216Workerman[index.php] start in DEBUG mode
2020-05-24 13:37:38pid27216Workerman[index.php] alerady running
2020-05-24 13:39:54pid27252Workerman[index.php] start in DEBUG mode
2020-05-24 13:42:14pid27350Workerman[index.php] start in DEBUG mode
2020-05-24 13:42:55pid27366Workerman[index.php] start in DEBUG mode
2020-05-25 12:12:44pid28039Workerman[index.php] start in DEBUG mode
2020-05-25 12:12:44pid28042Warning: change gid or uid fail.
2020-05-25 12:12:44pid28042Exception: event-loop exited in /Users/chengjiebin/www/simple-workerman/app/Worker.php:445
Stack trace:
#0 /Users/chengjiebin/www/simple-workerman/app/Worker.php(370): app\Worker::forkOneWorker(Object(app\Worker))
#1 /Users/chengjiebin/www/simple-workerman/app/Worker.php(315): app\Worker::forkWorkers()
#2 /Users/chengjiebin/www/simple-workerman/index.php(14): app\Worker::runAll()
#3 {main}
